<?xml version="1.0" encoding="UTF-8"?>
<!-- Generated by org.testng.reporters.JUnitReportReporter -->
<testsuite skipped="0" hostname="DESKTOP-RDCSEE5" name="testcases.BankManagerLoginTest" tests="1" failures="0" timestamp="26 Apr 2018 15:16:23 GMT" time="0.320" errors="0">
  <testcase name="loginAsBankManager" time="0.320" classname="testcases.BankManagerLoginTest"/>
</testsuite> <!-- testcases.BankManagerLoginTest -->
