<?xml version="1.0" encoding="UTF-8"?>
<!-- Generated by org.testng.reporters.JUnitReportReporter -->
<testsuite skipped="0" hostname="HN-SD-0131-WK" name="testcases.LoginTest" tests="1" failures="0" timestamp="26 Apr 2018 11:03:56 GMT" time="4.740" errors="0">
  <testcase name="loginAsBankManager" time="4.740" classname="testcases.LoginTest"/>
</testsuite> <!-- testcases.LoginTest -->
