<?xml version="1.0" encoding="UTF-8"?>
<!-- Generated by org.testng.reporters.JUnitReportReporter -->
<testsuite skipped="0" hostname="HN-SD-0131-WK" name="ChromeTest" tests="1" failures="0" timestamp="19 Apr 2018 04:42:20 GMT" time="6.860" errors="0">
  <testcase name="test" time="6.860" classname="ChromeTest"/>
</testsuite> <!-- ChromeTest -->
