<?xml version="1.0" encoding="UTF-8"?>
<!-- Generated by org.testng.reporters.JUnitReportReporter -->
<testsuite skipped="0" hostname="DESKTOP-RDCSEE5" name="testcases.AddCustomerTest" tests="2" failures="0" timestamp="26 Apr 2018 15:16:23 GMT" time="0.854" errors="0">
  <testcase name="addCustomer" time="0.288" classname="testcases.AddCustomerTest"/>
  <testcase name="addCustomer" time="0.566" classname="testcases.AddCustomerTest"/>
</testsuite> <!-- testcases.AddCustomerTest -->
