<?xml version="1.0" encoding="UTF-8"?>
<!-- Generated by org.testng.reporters.JUnitReportReporter -->
<testsuite skipped="0" hostname="DESKTOP-RDCSEE5" name="testcases.LoginTest" tests="1" failures="0" timestamp="26 Apr 2018 13:35:55 GMT" time="0.365" errors="0">
  <testcase name="loginAsBankManager" time="0.365" classname="testcases.LoginTest"/>
</testsuite> <!-- testcases.LoginTest -->
