<?xml version="1.0" encoding="UTF-8"?>
<!-- Generated by org.testng.reporters.JUnitReportReporter -->
<testsuite skipped="0" hostname="DESKTOP-RDCSEE5" name="testcases.AddCustomerTest" tests="2" failures="0" timestamp="08 May 2018 15:06:57 GMT" time="1.051" errors="0">
  <testcase name="addCustomer" time="0.348" classname="testcases.AddCustomerTest"/>
  <testcase name="addCustomer" time="0.703" classname="testcases.AddCustomerTest"/>
</testsuite> <!-- testcases.AddCustomerTest -->
